0 info it worked if it ends with ok
1 verbose cli [ '/usr/local/bin/node', '/usr/local/bin/npm', 'run', 'test' ]
2 info using npm@3.10.10
3 info using node@v14.21.3
4 verbose run-script [ 'pretest', 'test', 'posttest' ]
5 info lifecycle react-holygrail@0.0.1~pretest: react-holygrail@0.0.1
6 silly lifecycle react-holygrail@0.0.1~pretest: no script for pretest, continuing
7 info lifecycle react-holygrail@0.0.1~test: react-holygrail@0.0.1
8 verbose lifecycle react-holygrail@0.0.1~test: unsafe-perm in lifecycle true
9 verbose lifecycle react-holygrail@0.0.1~test: PATH: /usr/local/lib/node_modules/npm/bin/node-gyp-bin:/Users/archae13/CODE/MIT-xPro-JavaScript/Portfolio-Projects/holy-grail-app/node_modules/.bin:/usr/local/bin:/usr/bin:/bin:/usr/sbin:/sbin:/Library/Apple/usr/bin
10 verbose lifecycle react-holygrail@0.0.1~test: CWD: /Users/archae13/CODE/MIT-xPro-JavaScript/Portfolio-Projects/holy-grail-app
11 silly lifecycle react-holygrail@0.0.1~test: Args: [ '-c', 'echo "Error: no test specified" && exit 1' ]
12 silly lifecycle react-holygrail@0.0.1~test: Returned: code: 1  signal: null
13 info lifecycle react-holygrail@0.0.1~test: Failed to exec test script
14 verbose stack Error: react-holygrail@0.0.1 test: `echo "Error: no test specified" && exit 1`
14 verbose stack Exit status 1
14 verbose stack     at EventEmitter.<anonymous> (/usr/local/lib/node_modules/npm/lib/utils/lifecycle.js:255:16)
14 verbose stack     at EventEmitter.emit (events.js:400:28)
14 verbose stack     at ChildProcess.<anonymous> (/usr/local/lib/node_modules/npm/lib/utils/spawn.js:40:14)
14 verbose stack     at ChildProcess.emit (events.js:400:28)
14 verbose stack     at maybeClose (internal/child_process.js:1088:16)
14 verbose stack     at Process.ChildProcess._handle.onexit (internal/child_process.js:296:5)
15 verbose pkgid react-holygrail@0.0.1
16 verbose cwd /Users/archae13/CODE/MIT-xPro-JavaScript/Portfolio-Projects/holy-grail-app
17 error Darwin 21.6.0
18 error argv "/usr/local/bin/node" "/usr/local/bin/npm" "run" "test"
19 error node v14.21.3
20 error npm  v3.10.10
21 error code ELIFECYCLE
22 error react-holygrail@0.0.1 test: `echo "Error: no test specified" && exit 1`
22 error Exit status 1
23 error Failed at the react-holygrail@0.0.1 test script 'echo "Error: no test specified" && exit 1'.
23 error Make sure you have the latest version of node.js and npm installed.
23 error If you do, this is most likely a problem with the react-holygrail package,
23 error not with npm itself.
23 error Tell the author that this fails on your system:
23 error     echo "Error: no test specified" && exit 1
23 error You can get information on how to open an issue for this project with:
23 error     npm bugs react-holygrail
23 error Or if that isn't available, you can get their info via:
23 error     npm owner ls react-holygrail
23 error There is likely additional logging output above.
24 verbose exit [ 1, true ]
